<?xml version="1.0" encoding="UTF-8"?>
<testsuite xmlns:xsi="http://www.w3.org/2001/XMLSchema-instance" xsi:noNamespaceSchemaLocation="https://maven.apache.org/surefire/maven-surefire-plugin/xsd/surefire-test-report-3.0.xsd" version="3.0" name="com.smartHomeHub.gateway.GatewayServerApplicationTests" time="7.501" tests="1" errors="0" skipped="0" failures="0">
  <properties>
[...]
</properties>
  <testcase name="contextLoads" classname="com.smartHomeHub.gateway.GatewayServerApplicationTests" time="0.78">
    <system-out><![CDATA[13:14:14.189 [main] INFO org.springframework.test.context.support.AnnotationConfigContextLoaderUtils -- Could not detect default configuration classes for test class [com.smartHomeHub.gateway.GatewayServerApplicationTests]: GatewayServerApplicationTests does not declare any static, non-private, non-final, nested classes annotated with @Configuration.
13:14:14.288 [main] INFO org.springframework.boot.test.context.SpringBootTestContextBootstrapper -- Found @SpringBootConfiguration com.smartHomeHub.gateway.GatewayServerApplication for test class com.smartHomeHub.gateway.GatewayServerApplicationTests
  .   ____          _            __ _ _
 /\\ / ___'_ __ _ _(_)_ __  __ _ \ \ \ \
( ( )\___ | '_ | '_| | '_ \/ _` | \ \ \ \
 \\/  ___)| |_)| | | | | || (_| |  ) ) ) )
  '  |____| .__|_| |_|_| |_\__, | / / / /
 =========|_|==============|___/=/_/_/_/

 :: Spring Boot ::                (v3.3.0)

2024-07-15T13:14:15.812-07:00  INFO 1796 --- [gateway-server] [           main] c.s.g.GatewayServerApplicationTests      : Starting GatewayServerApplicationTests using Java 21.0.3 with PID 1796 (started by jacks in C:\Users\jacks\git\SmartHomeHub-GatewayServer\gateway-server)
2024-07-15T13:14:15.813-07:00  INFO 1796 --- [gateway-server] [           main] c.s.g.GatewayServerApplicationTests      : No active profile set, falling back to 1 default profile: "default"
2024-07-15T13:14:16.972-07:00  INFO 1796 --- [gateway-server] [           main] o.s.cloud.context.scope.GenericScope     : BeanFactory id=c8ef76c1-1461-3e49-81ae-959d6caf0c0b
2024-07-15T13:14:18.457-07:00  INFO 1796 --- [gateway-server] [           main] o.s.cloud.commons.util.InetUtils         : Cannot determine local hostname
2024-07-15T13:14:19.481-07:00  INFO 1796 --- [gateway-server] [           main] o.s.cloud.commons.util.InetUtils         : Cannot determine local hostname
2024-07-15T13:14:19.995-07:00  INFO 1796 --- [gateway-server] [           main] o.s.c.g.r.RouteDefinitionRouteLocator    : Loaded RoutePredicateFactory [After]
2024-07-15T13:14:19.995-07:00  INFO 1796 --- [gateway-server] [           main] o.s.c.g.r.RouteDefinitionRouteLocator    : Loaded RoutePredicateFactory [Before]
2024-07-15T13:14:19.995-07:00  INFO 1796 --- [gateway-server] [           main] o.s.c.g.r.RouteDefinitionRouteLocator    : Loaded RoutePredicateFactory [Between]
2024-07-15T13:14:19.995-07:00  INFO 1796 --- [gateway-server] [           main] o.s.c.g.r.RouteDefinitionRouteLocator    : Loaded RoutePredicateFactory [Cookie]
2024-07-15T13:14:19.995-07:00  INFO 1796 --- [gateway-server] [           main] o.s.c.g.r.RouteDefinitionRouteLocator    : Loaded RoutePredicateFactory [Header]
2024-07-15T13:14:19.995-07:00  INFO 1796 --- [gateway-server] [           main] o.s.c.g.r.RouteDefinitionRouteLocator    : Loaded RoutePredicateFactory [Host]
2024-07-15T13:14:19.995-07:00  INFO 1796 --- [gateway-server] [           main] o.s.c.g.r.RouteDefinitionRouteLocator    : Loaded RoutePredicateFactory [Method]
2024-07-15T13:14:19.996-07:00  INFO 1796 --- [gateway-server] [           main] o.s.c.g.r.RouteDefinitionRouteLocator    : Loaded RoutePredicateFactory [Path]
2024-07-15T13:14:19.996-07:00  INFO 1796 --- [gateway-server] [           main] o.s.c.g.r.RouteDefinitionRouteLocator    : Loaded RoutePredicateFactory [Query]
2024-07-15T13:14:19.996-07:00  INFO 1796 --- [gateway-server] [           main] o.s.c.g.r.RouteDefinitionRouteLocator    : Loaded RoutePredicateFactory [ReadBody]
2024-07-15T13:14:19.996-07:00  INFO 1796 --- [gateway-server] [           main] o.s.c.g.r.RouteDefinitionRouteLocator    : Loaded RoutePredicateFactory [RemoteAddr]
2024-07-15T13:14:19.996-07:00  INFO 1796 --- [gateway-server] [           main] o.s.c.g.r.RouteDefinitionRouteLocator    : Loaded RoutePredicateFactory [XForwardedRemoteAddr]
2024-07-15T13:14:19.996-07:00  INFO 1796 --- [gateway-server] [           main] o.s.c.g.r.RouteDefinitionRouteLocator    : Loaded RoutePredicateFactory [Weight]
2024-07-15T13:14:19.996-07:00  INFO 1796 --- [gateway-server] [           main] o.s.c.g.r.RouteDefinitionRouteLocator    : Loaded RoutePredicateFactory [CloudFoundryRouteService]
2024-07-15T13:14:20.275-07:00  INFO 1796 --- [gateway-server] [           main] o.s.b.a.e.web.EndpointLinksResolver      : Exposing 17 endpoints beneath base path '/actuator'
2024-07-15T13:14:20.709-07:00  INFO 1796 --- [gateway-server] [           main] c.s.g.GatewayServerApplicationTests      : Started GatewayServerApplicationTests in 6.262 seconds (process running for 7.23)
]]></system-out>
    <system-err><![CDATA[WARNING: A Java agent has been loaded dynamically (C:\Users\jacks\.m2\repository\net\bytebuddy\byte-buddy-agent\1.14.16\byte-buddy-agent-1.14.16.jar)
WARNING: If a serviceability tool is in use, please run with -XX:+EnableDynamicAgentLoading to hide this warning
WARNING: If a serviceability tool is not in use, please run with -Djdk.instrument.traceUsage for more information
WARNING: Dynamic loading of agents will be disallowed by default in a future release
]]></system-err>
  </testcase>
</testsuite>